2024-05-18 00:56:57.105 | ERROR    | src.db.connection:connect:21 - Database connection error:connection to server at "otg.postgres.database.azure.com" (20.127.137.121), port 5432 failed: FATAL:  password authentication failed for user "tecnologia"
connection to server at "otg.postgres.database.azure.com" (20.127.137.121), port 5432 failed: FATAL:  no pg_hba.conf entry for host "187.123.3.92", user "tecnologia", database "test2", no encryption

2024-05-18 00:58:29.057 | INFO     | src.db.connection:connect:19 - Database connection sucessfull
2024-05-18 01:02:22.344 | INFO     | src.db.connection:connect:19 - Database connection sucessfull
2024-05-18 01:05:53.098 | INFO     | src.db.connection:connect:19 - Database connection sucessfull
2024-05-18 01:12:01.631 | INFO     | src.db.connection:connect:19 - Database connection sucessfull
2024-05-18 01:12:01.961 | ERROR    | src.db.connection:select_user:34 - Erro executing query: relation "users" does not exist
LINE 1: SELECT * FROM users WHERE id = 1
                      ^

2024-05-18 01:12:04.963 | INFO     | src.db.connection:connect:19 - Database connection sucessfull
2024-05-18 01:12:05.296 | ERROR    | src.db.connection:select_user:34 - Erro executing query: relation "users" does not exist
LINE 1: SELECT * FROM users WHERE id = 1
                      ^

2024-05-18 01:12:39.347 | INFO     | src.db.connection:connect:19 - Database connection sucessfull
2024-05-18 01:12:39.676 | ERROR    | src.db.connection:select_user:34 - Erro executing query: relation "users" does not exist
LINE 1: SELECT * FROM users WHERE id = 1
                      ^

2024-05-18 01:12:53.961 | INFO     | src.db.connection:connect:19 - Database connection sucessfull
2024-05-18 01:12:54.318 | ERROR    | src.db.connection:select_user:34 - Erro executing query: relation "users" does not exist
LINE 1: SELECT * FROM users WHERE id = 1
                      ^

2024-05-18 01:13:26.586 | INFO     | src.db.connection:connect:19 - Database connection sucessfull
2024-05-18 01:15:05.329 | INFO     | src.db.connection:connect:19 - Database connection sucessfull
2024-05-18 01:15:19.182 | INFO     | src.db.connection:connect:19 - Database connection sucessfull
2024-05-18 01:15:19.517 | INFO     | src.db.connection:close:49 - Database connection closed
2024-05-18 18:02:41.153 | INFO     | src.db.connection:connect:19 - Database connection sucessfull
2024-05-18 18:02:41.488 | ERROR    | src.db.connection:select_user:34 - Erro executing select: relation "teste" does not exist
LINE 1: SELECT * FROM teste WHERE id = 2
                      ^

2024-05-18 18:02:41.491 | INFO     | src.db.connection:close:62 - Database connection closed
2024-05-18 18:03:58.892 | INFO     | src.db.connection:connect:19 - Database connection sucessfull
2024-05-18 18:03:59.233 | ERROR    | src.db.connection:select_user:34 - Erro executing select: relation "teste" does not exist
LINE 1: SELECT * FROM teste WHERE id = 2
                      ^

2024-05-18 18:03:59.234 | INFO     | src.db.connection:close:62 - Database connection closed
2024-05-18 18:05:14.285 | INFO     | src.db.connection:connect:19 - Database connection sucessfull
2024-05-18 18:05:14.621 | INFO     | src.db.connection:close:62 - Database connection closed
2024-05-18 18:05:15.648 | INFO     | src.db.connection:connect:19 - Database connection sucessfull
2024-05-18 18:05:16.157 | INFO     | src.db.connection:insert_user:49 - Registered user
2024-05-18 18:05:16.159 | INFO     | src.db.connection:close:62 - Database connection closed
2024-05-18 18:50:26.481 | INFO     | src.db.connection:connect:19 - Database connection sucessfull
2024-05-18 18:50:26.928 | ERROR    | src.db.connection:delete_user:68 - Erro executing delete: no results to fetch
2024-05-18 18:50:26.929 | INFO     | src.db.connection:close:74 - Database connection closed
2024-05-18 18:51:55.032 | INFO     | src.db.connection:connect:19 - Database connection sucessfull
2024-05-18 18:51:55.372 | ERROR    | src.db.connection:delete_user:68 - Erro executing delete: no results to fetch
2024-05-18 18:51:55.374 | INFO     | src.db.connection:close:74 - Database connection closed
2024-05-18 18:52:16.386 | INFO     | src.db.connection:connect:19 - Database connection sucessfull
2024-05-18 18:52:16.730 | INFO     | src.db.connection:close:73 - Database connection closed
2024-05-18 18:53:25.293 | INFO     | src.db.connection:connect:19 - Database connection sucessfull
2024-05-18 18:53:25.802 | INFO     | src.db.connection:close:74 - Database connection closed
2024-05-18 18:53:47.198 | INFO     | src.db.connection:connect:19 - Database connection sucessfull
2024-05-18 18:53:47.711 | INFO     | src.db.connection:close:74 - Database connection closed
2024-05-18 20:13:01.293 | INFO     | src.db.connection:connect:19 - Database connection sucessfull
2024-05-18 20:13:01.636 | INFO     | src.db.connection:close:74 - Database connection closed
2024-05-18 20:13:02.652 | INFO     | src.db.connection:connect:19 - Database connection sucessfull
2024-05-18 20:13:03.161 | INFO     | src.db.connection:insert_user:49 - Registered user
2024-05-18 20:13:03.163 | INFO     | src.db.connection:close:74 - Database connection closed
2024-05-18 20:17:29.604 | INFO     | src.db.connection:connect:19 - Database connection sucessfull
2024-05-18 20:17:29.945 | INFO     | src.db.connection:close:74 - Database connection closed
2024-05-18 20:17:30.985 | INFO     | src.db.connection:connect:19 - Database connection sucessfull
2024-05-18 20:17:31.489 | INFO     | src.db.connection:close:74 - Database connection closed
2024-05-18 20:17:58.735 | INFO     | src.db.connection:connect:19 - Database connection sucessfull
2024-05-18 20:17:59.068 | INFO     | src.db.connection:close:74 - Database connection closed
2024-05-18 20:18:00.078 | INFO     | src.db.connection:connect:19 - Database connection sucessfull
2024-05-18 20:18:00.583 | INFO     | src.db.connection:insert_user:49 - Registered user
2024-05-18 20:18:00.585 | INFO     | src.db.connection:close:74 - Database connection closed
2024-05-18 20:18:04.771 | INFO     | src.db.connection:connect:19 - Database connection sucessfull
2024-05-18 20:18:05.108 | INFO     | src.db.connection:close:74 - Database connection closed
2024-05-18 20:18:06.133 | INFO     | src.db.connection:connect:19 - Database connection sucessfull
2024-05-18 20:18:06.634 | INFO     | src.db.connection:close:74 - Database connection closed
2024-05-18 20:18:39.968 | INFO     | src.db.connection:connect:19 - Database connection sucessfull
2024-05-18 20:18:40.294 | INFO     | src.db.connection:close:74 - Database connection closed
2024-05-18 20:18:41.317 | INFO     | src.db.connection:connect:19 - Database connection sucessfull
2024-05-18 20:18:41.832 | INFO     | src.db.connection:insert_user:49 - Registered user
2024-05-18 20:18:41.833 | INFO     | src.db.connection:close:74 - Database connection closed
2024-05-18 20:18:47.980 | INFO     | src.db.connection:connect:19 - Database connection sucessfull
2024-05-18 20:18:48.308 | INFO     | src.db.connection:close:74 - Database connection closed
2024-05-18 20:18:49.315 | INFO     | src.db.connection:connect:19 - Database connection sucessfull
2024-05-18 20:18:49.816 | INFO     | src.db.connection:close:74 - Database connection closed
2024-05-18 20:24:10.338 | INFO     | src.db.connection:connect:19 - Database connection sucessfull
2024-05-18 20:24:10.675 | INFO     | src.db.connection:close:74 - Database connection closed
2024-05-18 20:24:11.695 | INFO     | src.db.connection:connect:19 - Database connection sucessfull
2024-05-18 20:24:12.197 | INFO     | src.db.connection:close:74 - Database connection closed
2024-05-18 20:24:34.552 | INFO     | src.db.connection:connect:19 - Database connection sucessfull
2024-05-18 20:24:34.883 | INFO     | src.db.connection:close:74 - Database connection closed
2024-05-18 20:24:35.907 | INFO     | src.db.connection:connect:19 - Database connection sucessfull
2024-05-18 20:24:36.409 | INFO     | src.db.connection:close:74 - Database connection closed
2024-05-18 20:26:46.590 | INFO     | src.db.connection:connect:19 - Database connection sucessfull
2024-05-18 20:26:46.927 | INFO     | src.db.connection:close:74 - Database connection closed
2024-05-18 20:27:12.517 | INFO     | src.db.connection:connect:19 - Database connection sucessfull
2024-05-18 20:27:12.847 | INFO     | src.db.connection:close:74 - Database connection closed
2024-05-18 20:27:13.871 | INFO     | src.db.connection:connect:19 - Database connection sucessfull
2024-05-18 20:27:14.384 | INFO     | src.db.connection:close:74 - Database connection closed
2024-05-18 20:27:59.792 | INFO     | src.db.connection:connect:19 - Database connection sucessfull
2024-05-18 20:28:00.121 | INFO     | src.db.connection:close:74 - Database connection closed
2024-05-18 20:28:01.146 | INFO     | src.db.connection:connect:19 - Database connection sucessfull
2024-05-18 20:28:01.653 | INFO     | src.db.connection:close:74 - Database connection closed
2024-05-18 20:32:16.460 | INFO     | src.db.connection:connect:19 - Database connection sucessfull
2024-05-18 20:32:16.797 | INFO     | src.db.connection:close:74 - Database connection closed
2024-05-18 20:33:48.879 | INFO     | src.db.connection:connect:19 - Database connection sucessfull
2024-05-18 20:33:49.224 | INFO     | src.db.connection:close:74 - Database connection closed
2024-05-18 20:34:13.322 | INFO     | src.db.connection:connect:19 - Database connection sucessfull
2024-05-18 20:34:13.661 | INFO     | src.db.connection:close:74 - Database connection closed
2024-05-18 20:34:14.707 | INFO     | src.db.connection:connect:19 - Database connection sucessfull
2024-05-18 20:34:15.317 | INFO     | src.db.connection:close:74 - Database connection closed
2024-05-18 20:34:24.111 | INFO     | src.db.connection:connect:19 - Database connection sucessfull
2024-05-18 20:34:24.500 | INFO     | src.db.connection:close:74 - Database connection closed
2024-05-18 21:14:48.050 | INFO     | src.db.connection:connect:19 - Database connection sucessfull
2024-05-18 21:14:48.394 | INFO     | src.db.connection:close:120 - Database connection closed
2024-05-18 21:14:49.406 | INFO     | src.db.connection:connect:19 - Database connection sucessfull
2024-05-18 21:14:49.917 | INFO     | src.db.connection:insert_user:49 - Registered user
2024-05-18 21:14:49.919 | INFO     | src.db.connection:close:120 - Database connection closed
2024-05-18 21:16:33.440 | INFO     | src.db.connection:connect:19 - Database connection sucessfull
2024-05-18 21:16:33.780 | INFO     | src.db.connection:close:120 - Database connection closed
2024-05-18 21:16:34.809 | INFO     | src.db.connection:connect:19 - Database connection sucessfull
2024-05-18 21:16:35.143 | ERROR    | src.db.connection:update_user:100 - Erro executing update: syntax error at or near "user"
LINE 1: UPDATE user SET name = 'Otavio Dantass',  is_active = false,...
               ^

2024-05-18 21:16:35.145 | INFO     | src.db.connection:close:120 - Database connection closed
2024-05-18 21:17:29.495 | INFO     | src.db.connection:connect:19 - Database connection sucessfull
2024-05-18 21:17:29.833 | INFO     | src.db.connection:close:120 - Database connection closed
2024-05-18 21:17:30.877 | INFO     | src.db.connection:connect:19 - Database connection sucessfull
2024-05-18 21:17:31.215 | ERROR    | src.db.connection:update_user:100 - Erro executing update: syntax error at or near "user"
LINE 1: UPDATE user SET name = 'Otavio Dantass',  is_active = false,...
               ^

2024-05-18 21:17:31.217 | INFO     | src.db.connection:close:120 - Database connection closed
2024-05-18 21:18:58.451 | INFO     | src.db.connection:connect:19 - Database connection sucessfull
2024-05-18 21:18:58.787 | INFO     | src.db.connection:close:120 - Database connection closed
2024-05-18 21:18:59.817 | INFO     | src.db.connection:connect:19 - Database connection sucessfull
2024-05-18 21:19:00.536 | ERROR    | src.db.connection:update_user:100 - Erro executing update: syntax error at or near "WHERE"
LINE 1: ... SET name = 'Otavio Dantass',  is_active = false, WHERE id =...
                                                             ^

2024-05-18 21:19:00.538 | INFO     | src.db.connection:close:120 - Database connection closed
2024-05-18 21:20:39.031 | INFO     | src.db.connection:connect:19 - Database connection sucessfull
2024-05-18 21:20:39.369 | INFO     | src.db.connection:close:120 - Database connection closed
2024-05-18 21:20:40.391 | INFO     | src.db.connection:connect:19 - Database connection sucessfull
2024-05-18 21:20:40.727 | ERROR    | src.db.connection:update_user:100 - Erro executing update: syntax error at or near "="
LINE 1: UPDATE users SETname = 'Otavio Dantass',is_active = falseWHE...
                             ^

2024-05-18 21:20:40.728 | INFO     | src.db.connection:close:120 - Database connection closed
2024-05-18 21:22:13.038 | INFO     | src.db.connection:connect:19 - Database connection sucessfull
2024-05-18 21:22:13.379 | INFO     | src.db.connection:close:120 - Database connection closed
2024-05-18 21:22:14.417 | INFO     | src.db.connection:connect:19 - Database connection sucessfull
2024-05-18 21:22:14.748 | ERROR    | src.db.connection:update_user:100 - Erro executing update: syntax error at or near "id"
LINE 1: ...s SET name = 'Otavio Dantass', is_active = falseWHERE id = 2
                                                                 ^

2024-05-18 21:22:14.750 | INFO     | src.db.connection:close:120 - Database connection closed
2024-05-18 21:22:53.789 | INFO     | src.db.connection:connect:19 - Database connection sucessfull
2024-05-18 21:22:54.128 | INFO     | src.db.connection:close:120 - Database connection closed
2024-05-18 21:22:55.157 | INFO     | src.db.connection:connect:19 - Database connection sucessfull
2024-05-18 21:22:55.650 | INFO     | src.db.connection:update_user:98 - Updated user
2024-05-18 21:22:55.651 | INFO     | src.db.connection:close:120 - Database connection closed
2024-05-18 21:23:14.462 | INFO     | src.db.connection:connect:19 - Database connection sucessfull
2024-05-18 21:23:14.823 | INFO     | src.db.connection:close:120 - Database connection closed
2024-05-18 21:23:15.850 | INFO     | src.db.connection:connect:19 - Database connection sucessfull
2024-05-18 21:23:16.748 | INFO     | src.db.connection:update_user:98 - Updated user
2024-05-18 21:23:16.749 | INFO     | src.db.connection:close:120 - Database connection closed
